<?xml version="1.0" encoding="UTF-8"?>
<testng-results skipped="0" failed="0" ignored="0" total="1" passed="1">
  <reporter-output>
  </reporter-output>
  <suite name="Suite" duration-ms="18796" started-at="2019-08-25T15:19:37Z" finished-at="2019-08-25T15:19:55Z">
    <groups>
    </groups>
    <test name="Test" duration-ms="18796" started-at="2019-08-25T15:19:37Z" finished-at="2019-08-25T15:19:55Z">
      <class name="org.Sample.AddCustomer">
        <test-method status="PASS" signature="driverInit()[pri:0, instance:org.Sample.AddCustomer@1593948d]" name="driverInit" is-config="true" duration-ms="9149" started-at="2019-08-25T15:19:37Z" finished-at="2019-08-25T15:19:46Z">
          <reporter-output>
          </reporter-output>
        </test-method> <!-- driverInit -->
        <test-method status="PASS" signature="beforeMethod()[pri:0, instance:org.Sample.AddCustomer@1593948d]" name="beforeMethod" is-config="true" duration-ms="5524" started-at="2019-08-25T15:19:46Z" finished-at="2019-08-25T15:19:51Z">
          <reporter-output>
          </reporter-output>
        </test-method> <!-- beforeMethod -->
        <test-method status="PASS" signature="test1()[pri:0, instance:org.Sample.AddCustomer@1593948d]" name="test1" duration-ms="1218" started-at="2019-08-25T15:19:51Z" finished-at="2019-08-25T15:19:53Z">
          <reporter-output>
          </reporter-output>
        </test-method> <!-- test1 -->
        <test-method status="PASS" signature="afterMethod()[pri:0, instance:org.Sample.AddCustomer@1593948d]" name="afterMethod" is-config="true" duration-ms="1865" started-at="2019-08-25T15:19:53Z" finished-at="2019-08-25T15:19:54Z">
          <reporter-output>
          </reporter-output>
        </test-method> <!-- afterMethod -->
        <test-method status="PASS" signature="afterClass()[pri:0, instance:org.Sample.AddCustomer@1593948d]" name="afterClass" is-config="true" duration-ms="1012" started-at="2019-08-25T15:19:54Z" finished-at="2019-08-25T15:19:55Z">
          <reporter-output>
          </reporter-output>
        </test-method> <!-- afterClass -->
      </class> <!-- org.Sample.AddCustomer -->
    </test> <!-- Test -->
  </suite> <!-- Suite -->
</testng-results>
